mode: set
github.com/CanonicalLtd/dqlite/internal/replication/fsm.go:50.47,55.2 1 1
github.com/CanonicalLtd/dqlite/internal/replication/fsm.go:60.48,75.75 4 1
github.com/CanonicalLtd/dqlite/internal/replication/fsm.go:81.2,82.16 2 1
github.com/CanonicalLtd/dqlite/internal/replication/fsm.go:90.2,90.12 1 1
github.com/CanonicalLtd/dqlite/internal/replication/fsm.go:75.75,79.3 2 0
github.com/CanonicalLtd/dqlite/internal/replication/fsm.go:82.16,83.23 1 1
github.com/CanonicalLtd/dqlite/internal/replication/fsm.go:86.3,87.13 2 1
github.com/CanonicalLtd/dqlite/internal/replication/fsm.go:83.23,85.4 1 0
github.com/CanonicalLtd/dqlite/internal/replication/fsm.go:93.64,100.16 3 1
github.com/CanonicalLtd/dqlite/internal/replication/fsm.go:103.2,105.39 2 1
github.com/CanonicalLtd/dqlite/internal/replication/fsm.go:128.2,128.16 1 1
github.com/CanonicalLtd/dqlite/internal/replication/fsm.go:133.2,135.12 2 1
github.com/CanonicalLtd/dqlite/internal/replication/fsm.go:100.16,102.3 1 1
github.com/CanonicalLtd/dqlite/internal/replication/fsm.go:106.30,108.56 2 1
github.com/CanonicalLtd/dqlite/internal/replication/fsm.go:109.31,111.88 2 0
github.com/CanonicalLtd/dqlite/internal/replication/fsm.go:112.32,114.98 2 1
github.com/CanonicalLtd/dqlite/internal/replication/fsm.go:115.30,117.60 2 1
github.com/CanonicalLtd/dqlite/internal/replication/fsm.go:118.29,120.58 2 0
github.com/CanonicalLtd/dqlite/internal/replication/fsm.go:121.36,123.40 2 1
github.com/CanonicalLtd/dqlite/internal/replication/fsm.go:124.10,125.38 1 0
github.com/CanonicalLtd/dqlite/internal/replication/fsm.go:128.16,131.3 2 1
github.com/CanonicalLtd/dqlite/internal/replication/fsm.go:138.76,145.16 4 1
github.com/CanonicalLtd/dqlite/internal/replication/fsm.go:148.2,152.12 3 1
github.com/CanonicalLtd/dqlite/internal/replication/fsm.go:145.16,147.3 1 1
github.com/CanonicalLtd/dqlite/internal/replication/fsm.go:155.78,167.2 4 0
github.com/CanonicalLtd/dqlite/internal/replication/fsm.go:169.80,176.27 3 1
github.com/CanonicalLtd/dqlite/internal/replication/fsm.go:181.2,184.16 3 1
github.com/CanonicalLtd/dqlite/internal/replication/fsm.go:285.2,293.36 3 1
github.com/CanonicalLtd/dqlite/internal/replication/fsm.go:297.2,298.56 2 1
github.com/CanonicalLtd/dqlite/internal/replication/fsm.go:304.2,304.50 1 1
github.com/CanonicalLtd/dqlite/internal/replication/fsm.go:309.2,313.12 3 1
github.com/CanonicalLtd/dqlite/internal/replication/fsm.go:176.27,179.3 1 0
github.com/CanonicalLtd/dqlite/internal/replication/fsm.go:184.16,188.21 2 1
github.com/CanonicalLtd/dqlite/internal/replication/fsm.go:188.21,191.22 1 1
github.com/CanonicalLtd/dqlite/internal/replication/fsm.go:191.22,202.29 1 1
github.com/CanonicalLtd/dqlite/internal/replication/fsm.go:202.29,216.6 2 1
github.com/CanonicalLtd/dqlite/internal/replication/fsm.go:216.11,228.20 5 1
github.com/CanonicalLtd/dqlite/internal/replication/fsm.go:231.6,232.48 2 1
github.com/CanonicalLtd/dqlite/internal/replication/fsm.go:228.20,230.7 1 0
github.com/CanonicalLtd/dqlite/internal/replication/fsm.go:234.11,237.5 0 1
github.com/CanonicalLtd/dqlite/internal/replication/fsm.go:239.9,242.42 1 1
github.com/CanonicalLtd/dqlite/internal/replication/fsm.go:245.4,245.17 1 1
github.com/CanonicalLtd/dqlite/internal/replication/fsm.go:242.42,244.5 1 0
github.com/CanonicalLtd/dqlite/internal/replication/fsm.go:247.8,253.67 1 1
github.com/CanonicalLtd/dqlite/internal/replication/fsm.go:281.3,282.53 2 1
github.com/CanonicalLtd/dqlite/internal/replication/fsm.go:253.67,254.22 1 1
github.com/CanonicalLtd/dqlite/internal/replication/fsm.go:254.22,267.31 2 1
github.com/CanonicalLtd/dqlite/internal/replication/fsm.go:270.5,270.43 1 1
github.com/CanonicalLtd/dqlite/internal/replication/fsm.go:274.5,275.32 2 1
github.com/CanonicalLtd/dqlite/internal/replication/fsm.go:267.31,269.6 1 0
github.com/CanonicalLtd/dqlite/internal/replication/fsm.go:270.43,272.6 1 0
github.com/CanonicalLtd/dqlite/internal/replication/fsm.go:276.10,278.5 1 0
github.com/CanonicalLtd/dqlite/internal/replication/fsm.go:293.36,295.3 1 1
github.com/CanonicalLtd/dqlite/internal/replication/fsm.go:298.56,300.3 1 0
github.com/CanonicalLtd/dqlite/internal/replication/fsm.go:304.50,307.3 2 1
github.com/CanonicalLtd/dqlite/internal/replication/fsm.go:316.76,324.16 4 1
github.com/CanonicalLtd/dqlite/internal/replication/fsm.go:335.2,335.35 1 1
github.com/CanonicalLtd/dqlite/internal/replication/fsm.go:358.2,358.39 1 1
github.com/CanonicalLtd/dqlite/internal/replication/fsm.go:363.2,365.12 2 1
github.com/CanonicalLtd/dqlite/internal/replication/fsm.go:324.16,327.3 1 1
github.com/CanonicalLtd/dqlite/internal/replication/fsm.go:327.8,328.36 1 0
github.com/CanonicalLtd/dqlite/internal/replication/fsm.go:331.3,332.13 2 0
github.com/CanonicalLtd/dqlite/internal/replication/fsm.go:328.36,330.4 1 0
github.com/CanonicalLtd/dqlite/internal/replication/fsm.go:335.35,337.3 1 0
github.com/CanonicalLtd/dqlite/internal/replication/fsm.go:358.39,361.3 2 1
github.com/CanonicalLtd/dqlite/internal/replication/fsm.go:368.74,379.2 3 0
github.com/CanonicalLtd/dqlite/internal/replication/fsm.go:381.88,389.51 4 1
github.com/CanonicalLtd/dqlite/internal/replication/fsm.go:396.2,397.16 2 1
github.com/CanonicalLtd/dqlite/internal/replication/fsm.go:400.2,400.20 1 1
github.com/CanonicalLtd/dqlite/internal/replication/fsm.go:403.2,403.29 1 1
github.com/CanonicalLtd/dqlite/internal/replication/fsm.go:407.2,409.12 2 1
github.com/CanonicalLtd/dqlite/internal/replication/fsm.go:389.51,393.3 1 1
github.com/CanonicalLtd/dqlite/internal/replication/fsm.go:397.16,399.3 1 0
github.com/CanonicalLtd/dqlite/internal/replication/fsm.go:400.20,402.3 1 0
github.com/CanonicalLtd/dqlite/internal/replication/fsm.go:403.29,405.3 1 0
github.com/CanonicalLtd/dqlite/internal/replication/fsm.go:437.52,450.62 5 1
github.com/CanonicalLtd/dqlite/internal/replication/fsm.go:460.2,463.8 1 1
github.com/CanonicalLtd/dqlite/internal/replication/fsm.go:450.62,452.17 2 1
github.com/CanonicalLtd/dqlite/internal/replication/fsm.go:457.3,457.42 1 1
github.com/CanonicalLtd/dqlite/internal/replication/fsm.go:452.17,456.4 3 1
github.com/CanonicalLtd/dqlite/internal/replication/fsm.go:467.101,476.29 6 1
github.com/CanonicalLtd/dqlite/internal/replication/fsm.go:494.2,495.16 2 1
github.com/CanonicalLtd/dqlite/internal/replication/fsm.go:499.2,506.8 2 1
github.com/CanonicalLtd/dqlite/internal/replication/fsm.go:476.29,477.52 1 1
github.com/CanonicalLtd/dqlite/internal/replication/fsm.go:477.52,491.4 2 1
github.com/CanonicalLtd/dqlite/internal/replication/fsm.go:495.16,497.3 1 1
github.com/CanonicalLtd/dqlite/internal/replication/fsm.go:512.51,520.73 5 1
github.com/CanonicalLtd/dqlite/internal/replication/fsm.go:524.2,529.6 4 1
github.com/CanonicalLtd/dqlite/internal/replication/fsm.go:539.2,541.12 2 1
github.com/CanonicalLtd/dqlite/internal/replication/fsm.go:520.73,522.3 1 1
github.com/CanonicalLtd/dqlite/internal/replication/fsm.go:529.6,531.17 2 1
github.com/CanonicalLtd/dqlite/internal/replication/fsm.go:534.3,534.11 1 1
github.com/CanonicalLtd/dqlite/internal/replication/fsm.go:531.17,533.4 1 0
github.com/CanonicalLtd/dqlite/internal/replication/fsm.go:534.11,535.9 1 1
github.com/CanonicalLtd/dqlite/internal/replication/fsm.go:546.89,551.76 3 1
github.com/CanonicalLtd/dqlite/internal/replication/fsm.go:554.2,558.53 3 1
github.com/CanonicalLtd/dqlite/internal/replication/fsm.go:563.2,564.75 2 1
github.com/CanonicalLtd/dqlite/internal/replication/fsm.go:567.2,571.52 3 1
github.com/CanonicalLtd/dqlite/internal/replication/fsm.go:576.2,578.16 3 1
github.com/CanonicalLtd/dqlite/internal/replication/fsm.go:581.2,603.45 3 1
github.com/CanonicalLtd/dqlite/internal/replication/fsm.go:614.2,615.16 2 1
github.com/CanonicalLtd/dqlite/internal/replication/fsm.go:621.2,624.60 3 1
github.com/CanonicalLtd/dqlite/internal/replication/fsm.go:628.2,630.16 3 1
github.com/CanonicalLtd/dqlite/internal/replication/fsm.go:633.2,635.16 2 1
github.com/CanonicalLtd/dqlite/internal/replication/fsm.go:649.2,649.18 1 1
github.com/CanonicalLtd/dqlite/internal/replication/fsm.go:551.76,553.3 1 0
github.com/CanonicalLtd/dqlite/internal/replication/fsm.go:558.53,560.3 1 0
github.com/CanonicalLtd/dqlite/internal/replication/fsm.go:564.75,566.3 1 0
github.com/CanonicalLtd/dqlite/internal/replication/fsm.go:571.52,573.3 1 0
github.com/CanonicalLtd/dqlite/internal/replication/fsm.go:578.16,580.3 1 0
github.com/CanonicalLtd/dqlite/internal/replication/fsm.go:603.45,607.42 4 1
github.com/CanonicalLtd/dqlite/internal/replication/fsm.go:607.42,609.4 1 0
github.com/CanonicalLtd/dqlite/internal/replication/fsm.go:615.16,616.20 1 1
github.com/CanonicalLtd/dqlite/internal/replication/fsm.go:619.3,619.14 1 1
github.com/CanonicalLtd/dqlite/internal/replication/fsm.go:616.20,618.4 1 0
github.com/CanonicalLtd/dqlite/internal/replication/fsm.go:624.60,626.3 1 0
github.com/CanonicalLtd/dqlite/internal/replication/fsm.go:630.16,632.3 1 0
github.com/CanonicalLtd/dqlite/internal/replication/fsm.go:635.17,647.3 0 0
github.com/CanonicalLtd/dqlite/internal/replication/fsm.go:662.61,665.75 2 1
github.com/CanonicalLtd/dqlite/internal/replication/fsm.go:668.2,668.54 1 1
github.com/CanonicalLtd/dqlite/internal/replication/fsm.go:673.2,673.39 1 1
github.com/CanonicalLtd/dqlite/internal/replication/fsm.go:681.2,681.37 1 1
github.com/CanonicalLtd/dqlite/internal/replication/fsm.go:686.2,686.12 1 1
github.com/CanonicalLtd/dqlite/internal/replication/fsm.go:665.75,667.3 1 0
github.com/CanonicalLtd/dqlite/internal/replication/fsm.go:668.54,670.3 1 0
github.com/CanonicalLtd/dqlite/internal/replication/fsm.go:673.39,674.59 1 1
github.com/CanonicalLtd/dqlite/internal/replication/fsm.go:674.59,677.4 2 0
github.com/CanonicalLtd/dqlite/internal/replication/fsm.go:681.37,684.3 2 0
github.com/CanonicalLtd/dqlite/internal/replication/fsm.go:690.100,694.76 3 1
github.com/CanonicalLtd/dqlite/internal/replication/fsm.go:697.2,697.54 1 1
github.com/CanonicalLtd/dqlite/internal/replication/fsm.go:702.2,702.57 1 1
github.com/CanonicalLtd/dqlite/internal/replication/fsm.go:707.2,709.75 3 1
github.com/CanonicalLtd/dqlite/internal/replication/fsm.go:712.2,712.54 1 1
github.com/CanonicalLtd/dqlite/internal/replication/fsm.go:715.2,715.52 1 1
github.com/CanonicalLtd/dqlite/internal/replication/fsm.go:721.2,723.54 3 1
github.com/CanonicalLtd/dqlite/internal/replication/fsm.go:726.2,726.49 1 1
github.com/CanonicalLtd/dqlite/internal/replication/fsm.go:731.2,733.54 3 1
github.com/CanonicalLtd/dqlite/internal/replication/fsm.go:737.2,737.12 1 1
github.com/CanonicalLtd/dqlite/internal/replication/fsm.go:694.76,696.3 1 0
github.com/CanonicalLtd/dqlite/internal/replication/fsm.go:697.54,699.3 1 0
github.com/CanonicalLtd/dqlite/internal/replication/fsm.go:702.57,705.3 1 0
github.com/CanonicalLtd/dqlite/internal/replication/fsm.go:709.75,711.3 1 0
github.com/CanonicalLtd/dqlite/internal/replication/fsm.go:712.54,714.3 1 0
github.com/CanonicalLtd/dqlite/internal/replication/fsm.go:715.52,718.3 1 0
github.com/CanonicalLtd/dqlite/internal/replication/fsm.go:723.54,725.3 1 0
github.com/CanonicalLtd/dqlite/internal/replication/fsm.go:726.49,728.3 1 0
github.com/CanonicalLtd/dqlite/internal/replication/fsm.go:733.54,735.3 1 0
github.com/CanonicalLtd/dqlite/internal/replication/fsm.go:741.34,742.2 0 0
github.com/CanonicalLtd/dqlite/internal/replication/methods.go:43.67,49.2 1 1
github.com/CanonicalLtd/dqlite/internal/replication/methods.go:53.55,55.2 1 0
github.com/CanonicalLtd/dqlite/internal/replication/methods.go:60.65,131.59 9 1
github.com/CanonicalLtd/dqlite/internal/replication/methods.go:139.2,139.25 1 1
github.com/CanonicalLtd/dqlite/internal/replication/methods.go:144.2,144.66 1 1
github.com/CanonicalLtd/dqlite/internal/replication/methods.go:154.2,154.70 1 1
github.com/CanonicalLtd/dqlite/internal/replication/methods.go:168.2,178.10 6 1
github.com/CanonicalLtd/dqlite/internal/replication/methods.go:131.59,136.3 2 1
github.com/CanonicalLtd/dqlite/internal/replication/methods.go:139.25,141.3 1 1
github.com/CanonicalLtd/dqlite/internal/replication/methods.go:144.66,151.3 1 1
github.com/CanonicalLtd/dqlite/internal/replication/methods.go:154.70,156.3 1 1
github.com/CanonicalLtd/dqlite/internal/replication/methods.go:183.99,186.45 2 1
github.com/CanonicalLtd/dqlite/internal/replication/methods.go:190.2,191.58 2 1
github.com/CanonicalLtd/dqlite/internal/replication/methods.go:186.45,188.3 1 1
github.com/CanonicalLtd/dqlite/internal/replication/methods.go:200.103,203.16 3 1
github.com/CanonicalLtd/dqlite/internal/replication/methods.go:207.2,210.20 2 1
github.com/CanonicalLtd/dqlite/internal/replication/methods.go:256.2,257.74 2 1
github.com/CanonicalLtd/dqlite/internal/replication/methods.go:265.2,265.12 1 1
github.com/CanonicalLtd/dqlite/internal/replication/methods.go:203.16,205.3 1 1
github.com/CanonicalLtd/dqlite/internal/replication/methods.go:210.20,211.25 1 1
github.com/CanonicalLtd/dqlite/internal/replication/methods.go:234.3,234.22 1 1
github.com/CanonicalLtd/dqlite/internal/replication/methods.go:247.3,247.41 1 1
github.com/CanonicalLtd/dqlite/internal/replication/methods.go:253.3,253.34 1 1
github.com/CanonicalLtd/dqlite/internal/replication/methods.go:211.25,230.4 2 1
github.com/CanonicalLtd/dqlite/internal/replication/methods.go:234.22,240.4 1 0
github.com/CanonicalLtd/dqlite/internal/replication/methods.go:247.41,249.4 1 0
github.com/CanonicalLtd/dqlite/internal/replication/methods.go:257.74,263.3 1 0
github.com/CanonicalLtd/dqlite/internal/replication/methods.go:270.65,285.16 8 0
github.com/CanonicalLtd/dqlite/internal/replication/methods.go:288.2,291.43 2 0
github.com/CanonicalLtd/dqlite/internal/replication/methods.go:294.2,294.40 1 0
github.com/CanonicalLtd/dqlite/internal/replication/methods.go:298.2,301.10 3 0
github.com/CanonicalLtd/dqlite/internal/replication/methods.go:285.16,287.3 1 0
github.com/CanonicalLtd/dqlite/internal/replication/methods.go:291.43,293.3 1 0
github.com/CanonicalLtd/dqlite/internal/replication/methods.go:294.40,296.3 1 0
github.com/CanonicalLtd/dqlite/internal/replication/methods.go:306.107,347.16 10 1
github.com/CanonicalLtd/dqlite/internal/replication/methods.go:350.2,353.21 2 1
github.com/CanonicalLtd/dqlite/internal/replication/methods.go:356.2,356.78 1 1
github.com/CanonicalLtd/dqlite/internal/replication/methods.go:361.2,361.59 1 1
github.com/CanonicalLtd/dqlite/internal/replication/methods.go:366.2,366.25 1 1
github.com/CanonicalLtd/dqlite/internal/replication/methods.go:370.2,372.55 3 1
github.com/CanonicalLtd/dqlite/internal/replication/methods.go:506.2,508.10 2 1
github.com/CanonicalLtd/dqlite/internal/replication/methods.go:347.16,349.3 1 0
github.com/CanonicalLtd/dqlite/internal/replication/methods.go:353.21,355.3 1 0
github.com/CanonicalLtd/dqlite/internal/replication/methods.go:356.78,358.3 1 0
github.com/CanonicalLtd/dqlite/internal/replication/methods.go:361.59,363.3 1 1
github.com/CanonicalLtd/dqlite/internal/replication/methods.go:366.25,368.3 1 1
github.com/CanonicalLtd/dqlite/internal/replication/methods.go:372.55,376.79 1 1
github.com/CanonicalLtd/dqlite/internal/replication/methods.go:380.3,380.26 1 1
github.com/CanonicalLtd/dqlite/internal/replication/methods.go:503.3,503.20 1 1
github.com/CanonicalLtd/dqlite/internal/replication/methods.go:376.79,378.4 1 0
github.com/CanonicalLtd/dqlite/internal/replication/methods.go:380.26,394.4 1 1
github.com/CanonicalLtd/dqlite/internal/replication/methods.go:394.9,394.38 1 1
github.com/CanonicalLtd/dqlite/internal/replication/methods.go:394.38,395.28 1 1
github.com/CanonicalLtd/dqlite/internal/replication/methods.go:395.28,443.5 2 1
github.com/CanonicalLtd/dqlite/internal/replication/methods.go:443.10,496.5 2 1
github.com/CanonicalLtd/dqlite/internal/replication/methods.go:512.85,513.40 1 1
github.com/CanonicalLtd/dqlite/internal/replication/methods.go:531.2,536.3 2 1
github.com/CanonicalLtd/dqlite/internal/replication/methods.go:513.40,519.3 1 1
github.com/CanonicalLtd/dqlite/internal/replication/methods.go:519.8,528.3 2 1
github.com/CanonicalLtd/dqlite/internal/replication/methods.go:541.64,561.16 10 1
github.com/CanonicalLtd/dqlite/internal/replication/methods.go:564.2,567.21 2 1
github.com/CanonicalLtd/dqlite/internal/replication/methods.go:571.2,571.20 1 1
github.com/CanonicalLtd/dqlite/internal/replication/methods.go:596.2,596.40 1 1
github.com/CanonicalLtd/dqlite/internal/replication/methods.go:606.2,606.59 1 1
github.com/CanonicalLtd/dqlite/internal/replication/methods.go:618.2,618.25 1 1
github.com/CanonicalLtd/dqlite/internal/replication/methods.go:628.2,628.40 1 1
github.com/CanonicalLtd/dqlite/internal/replication/methods.go:636.2,638.10 2 1
github.com/CanonicalLtd/dqlite/internal/replication/methods.go:561.16,563.3 1 0
github.com/CanonicalLtd/dqlite/internal/replication/methods.go:567.21,569.3 1 0
github.com/CanonicalLtd/dqlite/internal/replication/methods.go:571.20,594.3 2 1
github.com/CanonicalLtd/dqlite/internal/replication/methods.go:596.40,603.3 2 1
github.com/CanonicalLtd/dqlite/internal/replication/methods.go:606.59,615.3 3 1
github.com/CanonicalLtd/dqlite/internal/replication/methods.go:618.25,620.3 1 1
github.com/CanonicalLtd/dqlite/internal/replication/methods.go:628.40,630.56 2 1
github.com/CanonicalLtd/dqlite/internal/replication/methods.go:630.56,633.4 2 1
github.com/CanonicalLtd/dqlite/internal/replication/methods.go:642.63,656.16 8 1
github.com/CanonicalLtd/dqlite/internal/replication/methods.go:676.2,678.21 2 1
github.com/CanonicalLtd/dqlite/internal/replication/methods.go:686.2,686.20 1 1
github.com/CanonicalLtd/dqlite/internal/replication/methods.go:693.2,698.10 4 1
github.com/CanonicalLtd/dqlite/internal/replication/methods.go:656.16,661.17 4 1
github.com/CanonicalLtd/dqlite/internal/replication/methods.go:661.17,669.4 2 0
github.com/CanonicalLtd/dqlite/internal/replication/methods.go:670.8,672.25 1 1
github.com/CanonicalLtd/dqlite/internal/replication/methods.go:672.25,674.4 1 0
github.com/CanonicalLtd/dqlite/internal/replication/methods.go:678.21,684.3 2 1
github.com/CanonicalLtd/dqlite/internal/replication/methods.go:686.20,691.3 2 1
github.com/CanonicalLtd/dqlite/internal/replication/methods.go:702.80,706.2 3 1
github.com/CanonicalLtd/dqlite/internal/replication/methods.go:709.102,714.16 4 1
github.com/CanonicalLtd/dqlite/internal/replication/methods.go:724.2,729.16 5 1
github.com/CanonicalLtd/dqlite/internal/replication/methods.go:778.2,779.12 2 1
github.com/CanonicalLtd/dqlite/internal/replication/methods.go:714.16,716.3 1 0
github.com/CanonicalLtd/dqlite/internal/replication/methods.go:729.16,735.14 2 1
github.com/CanonicalLtd/dqlite/internal/replication/methods.go:736.29,739.15 1 0
github.com/CanonicalLtd/dqlite/internal/replication/methods.go:740.26,744.5 1 1
github.com/CanonicalLtd/dqlite/internal/replication/methods.go:745.31,749.5 1 1
github.com/CanonicalLtd/dqlite/internal/replication/methods.go:750.31,761.5 1 0
github.com/CanonicalLtd/dqlite/internal/replication/methods.go:762.11,773.5 1 0
github.com/CanonicalLtd/dqlite/internal/replication/methods.go:783.37,784.25 1 1
github.com/CanonicalLtd/dqlite/internal/replication/methods.go:785.21,786.26 1 1
github.com/CanonicalLtd/dqlite/internal/replication/methods.go:789.3,789.31 1 1
github.com/CanonicalLtd/dqlite/internal/replication/methods.go:790.10,791.29 1 0
github.com/CanonicalLtd/dqlite/internal/replication/methods.go:786.26,788.4 1 1
github.com/CanonicalLtd/dqlite/internal/replication/methods.go:795.37,796.40 1 1
github.com/CanonicalLtd/dqlite/internal/replication/methods.go:801.2,801.14 1 1
github.com/CanonicalLtd/dqlite/internal/replication/methods.go:796.40,797.52 1 1
github.com/CanonicalLtd/dqlite/internal/replication/methods.go:797.52,799.4 1 1
github.com/CanonicalLtd/dqlite/internal/replication/methods.go:804.42,805.40 1 1
github.com/CanonicalLtd/dqlite/internal/replication/methods.go:810.2,810.14 1 0
github.com/CanonicalLtd/dqlite/internal/replication/methods.go:805.40,806.57 1 1
github.com/CanonicalLtd/dqlite/internal/replication/methods.go:806.57,808.4 1 1
